Build started 2013-07-01 21:38:26.
     1>Project "C:\Users\gayboy\Documents\GitHub\Cheese_Multiplayer\src\cheese edits.vcxproj" on node 2 (Build target(s)).
     1>ClCompile:
         C:\Program Files (x86)\Microsoft Visual Studio 11.0\VC\bin\CL.exe /c /I"C:\SFML-1.6\lib\vc2008" /Zi /nologo /W3 /WX- /Od /Oy- /D WIN32 /D _DEBUG /D _SERVER /D _CONSOLE /Gm /EHsc /RTC1 /MDd /GS /fp:precise /Zc:wchar_t /Zc:forScope /Fo"Server Debug\\" /Fd"Server Debug\vc110.pdb" /Gd /TP /analyze- /errorReport:prompt App.cpp Block.cpp BlockBackground.cpp BlockGravity.cpp BlockSolid.cpp Camera.cpp Chunk.cpp Connection.cpp Creature.cpp Entity.cpp InGameUI.cpp Label.cpp main.cpp MainMenu.cpp Menu.cpp MenuItem.cpp MenuState.cpp Monster.cpp Player.cpp PlayState.cpp Projectile.cpp ServerConnection.cpp ServerState.cpp TextureContainer.cpp World.cpp
         World.cpp
     1>World.cpp(117): warning C4244: 'initializing' : conversion from 'double' to 'long', possible loss of data
     1>World.cpp(129): warning C4244: 'initializing' : conversion from 'double' to 'long', possible loss of data
     1>World.cpp(145): warning C4244: 'argument' : conversion from 'long' to 'unsigned char', possible loss of data
     1>World.cpp(146): warning C4244: 'argument' : conversion from 'long' to 'unsigned char', possible loss of data
     1>World.cpp(153): warning C4244: 'initializing' : conversion from 'double' to 'long', possible loss of data
     1>World.cpp(154): warning C4018: '<' : signed/unsigned mismatch
     1>World.cpp(157): warning C4244: 'initializing' : conversion from 'double' to 'long', possible loss of data
     1>World.cpp(158): warning C4018: '<' : signed/unsigned mismatch
     1>World.cpp(161): warning C4244: 'argument' : conversion from 'long' to 'unsigned short', possible loss of data
     1>World.cpp(161): warning C4244: 'argument' : conversion from 'long' to 'unsigned char', possible loss of data
     1>World.cpp(168): warning C4244: 'initializing' : conversion from 'double' to 'long', possible loss of data
     1>World.cpp(175): warning C4018: '<' : signed/unsigned mismatch
     1>World.cpp(178): warning C4244: 'initializing' : conversion from 'double' to 'long', possible loss of data
     1>World.cpp(183): warning C4018: '<' : signed/unsigned mismatch
     1>World.cpp(185): warning C4244: 'argument' : conversion from 'long' to 'unsigned char', possible loss of data
     1>World.cpp(206): warning C4018: '>=' : signed/unsigned mismatch
     1>World.cpp(226): warning C4018: '>=' : signed/unsigned mismatch
         TextureContainer.cpp
         ServerState.cpp
     1>ServerState.cpp(68): warning C4244: '=' : conversion from 'float' to 'sf::Uint16', possible loss of data
         ServerConnection.cpp
         Projectile.cpp
         PlayState.cpp
         Player.cpp
         Monster.cpp
         MenuState.cpp
         MenuItem.cpp
         Menu.cpp
         MainMenu.cpp
         main.cpp
         Label.cpp
         InGameUI.cpp
         Entity.cpp
     1>Entity.cpp(35): warning C4244: '*=' : conversion from 'double' to 'float', possible loss of data
     1>Entity.cpp(36): warning C4244: '*=' : conversion from 'double' to 'float', possible loss of data
     1>Entity.cpp(135): warning C4554: '>>' : check operator precedence for possible error; use parentheses to clarify precedence
     1>Entity.cpp(135): warning C4244: '=' : conversion from 'int' to 'float', possible loss of data
     1>Entity.cpp(139): warning C4244: '=' : conversion from 'int' to 'float', possible loss of data
     1>Entity.cpp(148): warning C4554: '>>' : check operator precedence for possible error; use parentheses to clarify precedence
     1>Entity.cpp(148): warning C4244: '=' : conversion from 'int' to 'float', possible loss of data
     1>Entity.cpp(152): warning C4244: '=' : conversion from 'int' to 'float', possible loss of data
     1>Entity.cpp(185): warning C4244: 'argument' : conversion from 'int' to 'float', possible loss of data
         Creature.cpp
         Connection.cpp
         Chunk.cpp
         Camera.cpp
         Generating Code...
         Compiling...
         BlockSolid.cpp
     1>BlockSolid.cpp(15): warning C4244: 'return' : conversion from 'unsigned short' to 'unsigned char', possible loss of data
         BlockGravity.cpp
         BlockBackground.cpp
     1>BlockBackground.cpp(16): warning C4244: 'return' : conversion from 'unsigned short' to 'unsigned char', possible loss of data
         Block.cpp
         App.cpp
         Generating Code...
       Link:
         C:\Program Files (x86)\Microsoft Visual Studio 11.0\VC\bin\link.exe /ERRORREPORT:PROMPT /OUT:"C:\Users\gayboy\Documents\GitHub\Cheese_Multiplayer\src\Server Debug\cheese edits Server.exe" /INCREMENTAL /NOLOGO /LIBPATH:"C:\SFML-1.6\lib" "sfml-window.lib" "sfml-system.lib" "sfml-graphics.lib" "sfml-network.lib" kernel32.lib user32.lib gdi32.lib winspool.lib comdlg32.lib advapi32.lib shell32.lib ole32.lib oleaut32.lib uuid.lib odbc32.lib odbccp32.lib /MANIFEST /MANIFESTUAC:"level='asInvoker' uiAccess='false'" /manifest:embed /DEBUG /PDB:"C:\Users\gayboy\Documents\GitHub\Cheese_Multiplayer\src\Server Debug\cheese edits Server.pdb" /SUBSYSTEM:CONSOLE /TLBID:1 /DYNAMICBASE /NXCOMPAT /IMPLIB:"C:\Users\gayboy\Documents\GitHub\Cheese_Multiplayer\src\Server Debug\cheese edits Server.lib" /MACHINE:X86 "Server Debug\App.obj"
         "Server Debug\Block.obj"
         "Server Debug\BlockBackground.obj"
         "Server Debug\BlockGravity.obj"
         "Server Debug\BlockSolid.obj"
         "Server Debug\Camera.obj"
         "Server Debug\Chunk.obj"
         "Server Debug\Connection.obj"
         "Server Debug\Creature.obj"
         "Server Debug\Entity.obj"
         "Server Debug\InGameUI.obj"
         "Server Debug\Label.obj"
         "Server Debug\main.obj"
         "Server Debug\MainMenu.obj"
         "Server Debug\Menu.obj"
         "Server Debug\MenuItem.obj"
         "Server Debug\MenuState.obj"
         "Server Debug\Monster.obj"
         "Server Debug\Player.obj"
         "Server Debug\PlayState.obj"
         "Server Debug\Projectile.obj"
         "Server Debug\ServerConnection.obj"
         "Server Debug\ServerState.obj"
         "Server Debug\TextureContainer.obj"
         "Server Debug\World.obj"
         cheese edits.vcxproj -> C:\Users\gayboy\Documents\GitHub\Cheese_Multiplayer\src\Server Debug\cheese edits Server.exe
     1>Done Building Project "C:\Users\gayboy\Documents\GitHub\Cheese_Multiplayer\src\cheese edits.vcxproj" (Build target(s)).

Build succeeded.

Time Elapsed 00:00:34.44
