C:\USERS\GAYBOY\DOCUMENTS\GITHUB\CHEESE_MULTIPLAYER\SRC\SERVER DEBUG\BLOCKBACKGROUND.OBJ
C:\USERS\GAYBOY\DOCUMENTS\GITHUB\CHEESE_MULTIPLAYER\SRC\SERVER DEBUG\BLOCKGRAVITY.OBJ
C:\USERS\GAYBOY\DOCUMENTS\GITHUB\CHEESE_MULTIPLAYER\SRC\SERVER DEBUG\BLOCKSOLID.OBJ
C:\USERS\GAYBOY\DOCUMENTS\GITHUB\CHEESE_MULTIPLAYER\SRC\SERVER DEBUG\CAMERA.OBJ
C:\USERS\GAYBOY\DOCUMENTS\GITHUB\CHEESE_MULTIPLAYER\SRC\SERVER DEBUG\CHUNK.OBJ
C:\USERS\GAYBOY\DOCUMENTS\GITHUB\CHEESE_MULTIPLAYER\SRC\SERVER DEBUG\CREATURE.OBJ
C:\USERS\GAYBOY\DOCUMENTS\GITHUB\CHEESE_MULTIPLAYER\SRC\SERVER DEBUG\ENTITY.OBJ
C:\USERS\GAYBOY\DOCUMENTS\GITHUB\CHEESE_MULTIPLAYER\SRC\SERVER DEBUG\INGAMEUI.OBJ
C:\USERS\GAYBOY\DOCUMENTS\GITHUB\CHEESE_MULTIPLAYER\SRC\SERVER DEBUG\LABEL.OBJ
C:\USERS\GAYBOY\DOCUMENTS\GITHUB\CHEESE_MULTIPLAYER\SRC\SERVER DEBUG\MAIN.OBJ
C:\USERS\GAYBOY\DOCUMENTS\GITHUB\CHEESE_MULTIPLAYER\SRC\SERVER DEBUG\MAINMENU.OBJ
C:\USERS\GAYBOY\DOCUMENTS\GITHUB\CHEESE_MULTIPLAYER\SRC\SERVER DEBUG\MENU.OBJ
C:\USERS\GAYBOY\DOCUMENTS\GITHUB\CHEESE_MULTIPLAYER\SRC\SERVER DEBUG\MENUITEM.OBJ
C:\USERS\GAYBOY\DOCUMENTS\GITHUB\CHEESE_MULTIPLAYER\SRC\SERVER DEBUG\MENUSTATE.OBJ
C:\USERS\GAYBOY\DOCUMENTS\GITHUB\CHEESE_MULTIPLAYER\SRC\SERVER DEBUG\MONSTER.OBJ
C:\USERS\GAYBOY\DOCUMENTS\GITHUB\CHEESE_MULTIPLAYER\SRC\SERVER DEBUG\PLAYER.OBJ
C:\USERS\GAYBOY\DOCUMENTS\GITHUB\CHEESE_MULTIPLAYER\SRC\SERVER DEBUG\PLAYSTATE.OBJ
C:\USERS\GAYBOY\DOCUMENTS\GITHUB\CHEESE_MULTIPLAYER\SRC\SERVER DEBUG\PROJECTILE.OBJ
C:\USERS\GAYBOY\DOCUMENTS\GITHUB\CHEESE_MULTIPLAYER\SRC\SERVER DEBUG\TEXTURECONTAINER.OBJ
C:\USERS\GAYBOY\DOCUMENTS\GITHUB\CHEESE_MULTIPLAYER\SRC\SERVER DEBUG\WORLD.OBJ
C:\USERS\GAYBOY\DOCUMENTS\GITHUB\CHEESE_MULTIPLAYER\SRC\SERVER DEBUG\BLOCK.OBJ
C:\USERS\GAYBOY\DOCUMENTS\GITHUB\CHEESE_MULTIPLAYER\SRC\SERVER DEBUG\VC110.PDB
C:\USERS\GAYBOY\DOCUMENTS\GITHUB\CHEESE_MULTIPLAYER\SRC\SERVER DEBUG\APP.OBJ
C:\USERS\GAYBOY\DOCUMENTS\GITHUB\CHEESE_MULTIPLAYER\SRC\SERVER DEBUG\SERVERSTATE.OBJ
C:\Users\gayboy\Documents\GitHub\Cheese_Multiplayer\src\Server Debug\App.obj
C:\Users\gayboy\Documents\GitHub\Cheese_Multiplayer\src\Server Debug\Block.obj
C:\Users\gayboy\Documents\GitHub\Cheese_Multiplayer\src\Server Debug\BlockBackground.obj
C:\Users\gayboy\Documents\GitHub\Cheese_Multiplayer\src\Server Debug\BlockGravity.obj
C:\Users\gayboy\Documents\GitHub\Cheese_Multiplayer\src\Server Debug\BlockSolid.obj
C:\Users\gayboy\Documents\GitHub\Cheese_Multiplayer\src\Server Debug\Camera.obj
C:\Users\gayboy\Documents\GitHub\Cheese_Multiplayer\src\Server Debug\Chunk.obj
C:\Users\gayboy\Documents\GitHub\Cheese_Multiplayer\src\Server Debug\Creature.obj
C:\Users\gayboy\Documents\GitHub\Cheese_Multiplayer\src\Server Debug\Entity.obj
C:\Users\gayboy\Documents\GitHub\Cheese_Multiplayer\src\Server Debug\InGameUI.obj
C:\Users\gayboy\Documents\GitHub\Cheese_Multiplayer\src\Server Debug\Label.obj
C:\Users\gayboy\Documents\GitHub\Cheese_Multiplayer\src\Server Debug\main.obj
C:\Users\gayboy\Documents\GitHub\Cheese_Multiplayer\src\Server Debug\MainMenu.obj
C:\Users\gayboy\Documents\GitHub\Cheese_Multiplayer\src\Server Debug\Menu.obj
C:\Users\gayboy\Documents\GitHub\Cheese_Multiplayer\src\Server Debug\MenuItem.obj
C:\Users\gayboy\Documents\GitHub\Cheese_Multiplayer\src\Server Debug\MenuState.obj
C:\Users\gayboy\Documents\GitHub\Cheese_Multiplayer\src\Server Debug\Monster.obj
C:\Users\gayboy\Documents\GitHub\Cheese_Multiplayer\src\Server Debug\Player.obj
C:\Users\gayboy\Documents\GitHub\Cheese_Multiplayer\src\Server Debug\PlayState.obj
C:\Users\gayboy\Documents\GitHub\Cheese_Multiplayer\src\Server Debug\Projectile.obj
C:\Users\gayboy\Documents\GitHub\Cheese_Multiplayer\src\Server Debug\ServerState.obj
C:\Users\gayboy\Documents\GitHub\Cheese_Multiplayer\src\Server Debug\TextureContainer.obj
C:\Users\gayboy\Documents\GitHub\Cheese_Multiplayer\src\Server Debug\World.obj
C:\Users\gayboy\Documents\GitHub\Cheese_Multiplayer\src\Server Debug\cheese edits Server.ilk
C:\Users\gayboy\Documents\GitHub\Cheese_Multiplayer\src\Server Debug\cheese edits.ilk
C:\Users\gayboy\Documents\GitHub\Cheese_Multiplayer\src\Server Debug\cl.command.1.tlog
C:\Users\gayboy\Documents\GitHub\Cheese_Multiplayer\src\Server Debug\CL.read.1.tlog
C:\Users\gayboy\Documents\GitHub\Cheese_Multiplayer\src\Server Debug\CL.write.1.tlog
C:\Users\gayboy\Documents\GitHub\Cheese_Multiplayer\src\Server Debug\link-cvtres.read.1.tlog
C:\Users\gayboy\Documents\GitHub\Cheese_Multiplayer\src\Server Debug\link-cvtres.write.1.tlog
C:\Users\gayboy\Documents\GitHub\Cheese_Multiplayer\src\Server Debug\link-rc.read.1.tlog
C:\Users\gayboy\Documents\GitHub\Cheese_Multiplayer\src\Server Debug\link-rc.write.1.tlog
C:\Users\gayboy\Documents\GitHub\Cheese_Multiplayer\src\Server Debug\link.command.1.tlog
C:\Users\gayboy\Documents\GitHub\Cheese_Multiplayer\src\Server Debug\link.read.1.tlog
C:\Users\gayboy\Documents\GitHub\Cheese_Multiplayer\src\Server Debug\link.write.1.tlog
C:\Users\gayboy\Documents\GitHub\Cheese_Multiplayer\src\Server Debug\vc110.idb
C:\Users\gayboy\Documents\GitHub\Cheese_Multiplayer\src\Server Debug\cheese edits SERVER.pdb
C:\Users\gayboy\Documents\GitHub\Cheese_Multiplayer\src\Server Debug\cheese edits.pdb
C:\Users\gayboy\Documents\GitHub\Cheese_Multiplayer\src\Server Debug\vc110.pdb
C:\Users\gayboy\Documents\GitHub\Cheese_Multiplayer\src\Server Debug\cheese edits Server.pdb
C:\Users\gayboy\Documents\GitHub\Cheese_Multiplayer\src\Server Debug\cheese edits Server.exe
