C:\USERS\GAYBOY\DOCUMENTS\GITHUB\CHEESE_MULTIPLAYER\SRC\SERVER RELEASE\MONSTER.OBJ
C:\USERS\GAYBOY\DOCUMENTS\GITHUB\CHEESE_MULTIPLAYER\SRC\SERVER RELEASE\MENUSTATE.OBJ
C:\USERS\GAYBOY\DOCUMENTS\GITHUB\CHEESE_MULTIPLAYER\SRC\SERVER RELEASE\MENUITEM.OBJ
C:\USERS\GAYBOY\DOCUMENTS\GITHUB\CHEESE_MULTIPLAYER\SRC\SERVER RELEASE\MENU.OBJ
C:\USERS\GAYBOY\DOCUMENTS\GITHUB\CHEESE_MULTIPLAYER\SRC\SERVER RELEASE\MAINMENU.OBJ
C:\USERS\GAYBOY\DOCUMENTS\GITHUB\CHEESE_MULTIPLAYER\SRC\SERVER RELEASE\MAIN.OBJ
C:\USERS\GAYBOY\DOCUMENTS\GITHUB\CHEESE_MULTIPLAYER\SRC\SERVER RELEASE\LABEL.OBJ
C:\USERS\GAYBOY\DOCUMENTS\GITHUB\CHEESE_MULTIPLAYER\SRC\SERVER RELEASE\ENTITY.OBJ
C:\USERS\GAYBOY\DOCUMENTS\GITHUB\CHEESE_MULTIPLAYER\SRC\SERVER RELEASE\CREATURE.OBJ
C:\USERS\GAYBOY\DOCUMENTS\GITHUB\CHEESE_MULTIPLAYER\SRC\SERVER RELEASE\CHUNK.OBJ
C:\USERS\GAYBOY\DOCUMENTS\GITHUB\CHEESE_MULTIPLAYER\SRC\SERVER RELEASE\CAMERA.OBJ
C:\USERS\GAYBOY\DOCUMENTS\GITHUB\CHEESE_MULTIPLAYER\SRC\SERVER RELEASE\BLOCKSOLID.OBJ
C:\USERS\GAYBOY\DOCUMENTS\GITHUB\CHEESE_MULTIPLAYER\SRC\SERVER RELEASE\BLOCKGRAVITY.OBJ
C:\USERS\GAYBOY\DOCUMENTS\GITHUB\CHEESE_MULTIPLAYER\SRC\SERVER RELEASE\BLOCKBACKGROUND.OBJ
C:\USERS\GAYBOY\DOCUMENTS\GITHUB\CHEESE_MULTIPLAYER\SRC\SERVER RELEASE\BLOCK.OBJ
C:\USERS\GAYBOY\DOCUMENTS\GITHUB\CHEESE_MULTIPLAYER\SRC\SERVER RELEASE\APP.OBJ
C:\USERS\GAYBOY\DOCUMENTS\GITHUB\CHEESE_MULTIPLAYER\SRC\SERVER RELEASE\WORLD.OBJ
C:\USERS\GAYBOY\DOCUMENTS\GITHUB\CHEESE_MULTIPLAYER\SRC\SERVER RELEASE\TEXTURECONTAINER.OBJ
C:\USERS\GAYBOY\DOCUMENTS\GITHUB\CHEESE_MULTIPLAYER\SRC\SERVER RELEASE\SERVERSTATECPP.OBJ
C:\USERS\GAYBOY\DOCUMENTS\GITHUB\CHEESE_MULTIPLAYER\SRC\SERVER RELEASE\PROJECTILE.OBJ
C:\USERS\GAYBOY\DOCUMENTS\GITHUB\CHEESE_MULTIPLAYER\SRC\SERVER RELEASE\PLAYSTATE.OBJ
C:\USERS\GAYBOY\DOCUMENTS\GITHUB\CHEESE_MULTIPLAYER\SRC\SERVER RELEASE\INGAMEUI.OBJ
C:\USERS\GAYBOY\DOCUMENTS\GITHUB\CHEESE_MULTIPLAYER\SRC\SERVER RELEASE\PLAYER.OBJ
C:\USERS\GAYBOY\DOCUMENTS\GITHUB\CHEESE_MULTIPLAYER\SRC\SERVER RELEASE\VC110.PDB
C:\USERS\GAYBOY\DOCUMENTS\GITHUB\CHEESE_MULTIPLAYER\SRC\SERVER RELEASE\SERVERSTATE.OBJ
C:\USERS\GAYBOY\DOCUMENTS\GITHUB\CHEESE_MULTIPLAYER\SRC\SERVER RELEASE\CHEESE EDITS SERVER.EXE
C:\USERS\GAYBOY\DOCUMENTS\GITHUB\CHEESE_MULTIPLAYER\SRC\SERVER RELEASE\CHEESE EDITS SERVER.PDB
C:\Users\gayboy\Documents\GitHub\Cheese_Multiplayer\src\Server Release\App.obj
C:\Users\gayboy\Documents\GitHub\Cheese_Multiplayer\src\Server Release\Block.obj
C:\Users\gayboy\Documents\GitHub\Cheese_Multiplayer\src\Server Release\BlockBackground.obj
C:\Users\gayboy\Documents\GitHub\Cheese_Multiplayer\src\Server Release\BlockGravity.obj
C:\Users\gayboy\Documents\GitHub\Cheese_Multiplayer\src\Server Release\BlockSolid.obj
C:\Users\gayboy\Documents\GitHub\Cheese_Multiplayer\src\Server Release\Camera.obj
C:\Users\gayboy\Documents\GitHub\Cheese_Multiplayer\src\Server Release\Chunk.obj
C:\Users\gayboy\Documents\GitHub\Cheese_Multiplayer\src\Server Release\Creature.obj
C:\Users\gayboy\Documents\GitHub\Cheese_Multiplayer\src\Server Release\Entity.obj
C:\Users\gayboy\Documents\GitHub\Cheese_Multiplayer\src\Server Release\InGameUI.obj
C:\Users\gayboy\Documents\GitHub\Cheese_Multiplayer\src\Server Release\Label.obj
C:\Users\gayboy\Documents\GitHub\Cheese_Multiplayer\src\Server Release\main.obj
C:\Users\gayboy\Documents\GitHub\Cheese_Multiplayer\src\Server Release\MainMenu.obj
C:\Users\gayboy\Documents\GitHub\Cheese_Multiplayer\src\Server Release\Menu.obj
C:\Users\gayboy\Documents\GitHub\Cheese_Multiplayer\src\Server Release\MenuItem.obj
C:\Users\gayboy\Documents\GitHub\Cheese_Multiplayer\src\Server Release\MenuState.obj
C:\Users\gayboy\Documents\GitHub\Cheese_Multiplayer\src\Server Release\Monster.obj
C:\Users\gayboy\Documents\GitHub\Cheese_Multiplayer\src\Server Release\Player.obj
C:\Users\gayboy\Documents\GitHub\Cheese_Multiplayer\src\Server Release\PlayState.obj
C:\Users\gayboy\Documents\GitHub\Cheese_Multiplayer\src\Server Release\Projectile.obj
C:\Users\gayboy\Documents\GitHub\Cheese_Multiplayer\src\Server Release\ServerState.obj
C:\Users\gayboy\Documents\GitHub\Cheese_Multiplayer\src\Server Release\ServerStatecpp.obj
C:\Users\gayboy\Documents\GitHub\Cheese_Multiplayer\src\Server Release\TextureContainer.obj
C:\Users\gayboy\Documents\GitHub\Cheese_Multiplayer\src\Server Release\World.obj
C:\Users\gayboy\Documents\GitHub\Cheese_Multiplayer\src\Server Release\cl.command.1.tlog
C:\Users\gayboy\Documents\GitHub\Cheese_Multiplayer\src\Server Release\CL.read.1.tlog
C:\Users\gayboy\Documents\GitHub\Cheese_Multiplayer\src\Server Release\CL.write.1.tlog
C:\Users\gayboy\Documents\GitHub\Cheese_Multiplayer\src\Server Release\link-cvtres.read.1.tlog
C:\Users\gayboy\Documents\GitHub\Cheese_Multiplayer\src\Server Release\link-cvtres.write.1.tlog
C:\Users\gayboy\Documents\GitHub\Cheese_Multiplayer\src\Server Release\link-rc.read.1.tlog
C:\Users\gayboy\Documents\GitHub\Cheese_Multiplayer\src\Server Release\link-rc.write.1.tlog
C:\Users\gayboy\Documents\GitHub\Cheese_Multiplayer\src\Server Release\link.command.1.tlog
C:\Users\gayboy\Documents\GitHub\Cheese_Multiplayer\src\Server Release\link.read.1.tlog
C:\Users\gayboy\Documents\GitHub\Cheese_Multiplayer\src\Server Release\link.write.1.tlog
C:\Users\gayboy\Documents\GitHub\Cheese_Multiplayer\src\Server Release\cheese edits Server.pdb
C:\Users\gayboy\Documents\GitHub\Cheese_Multiplayer\src\Server Release\vc110.pdb
C:\Users\gayboy\Documents\GitHub\Cheese_Multiplayer\src\Server Release\cheese edits Server.exe
